<?xml version="1.0" encoding="UTF-8"?>
<!-- Generated by org.testng.reporters.JUnitXMLReporter -->
<testsuite hostname="DESKTOP-R0QK2O8" ignored="0" name="Chrome Testing" tests="5" failures="1" timestamp="01 Jul 2019 18:53:09 GMT" time="23.579" errors="0">
  <testcase name="verifySearchProduct" time="8.206" classname="in.amazon.test.HomepageTest"/>
  <testcase name="verifyTitleOfThePage" time="0.11" classname="in.amazon.test.HomepageTest">
    <skipped/>
  </testcase> <!-- verifyTitleOfThePage -->
  <testcase name="verifyTitleOfThePage" time="0.027" classname="in.amazon.test.HomepageTest">
    <skipped/>
  </testcase> <!-- verifyTitleOfThePage -->
  <testcase name="verifyTitleOfThePage" time="0.013" classname="in.amazon.test.HomepageTest">
    <skipped/>
  </testcase> <!-- verifyTitleOfThePage -->
  <testcase name="verifyTitleOfThePage" time="1.064" classname="in.amazon.test.HomepageTest">
    <failure type="java.lang.AssertionError" message="expected [Amazon Home Page] but found [Amazon.in: Apple watch: Electronics]">
      <![CDATA[java.lang.AssertionError: expected [Amazon Home Page] but found [Amazon.in: Apple watch: Electronics]
at in.amazon.test.HomepageTest.verifyTitleOfThePage(HomepageTest.java:34)
... Removed 31 stack frames]]>
    </failure>
  </testcase> <!-- verifyTitleOfThePage -->
</testsuite> <!-- Chrome Testing -->
