<?xml version="1.0" encoding="UTF-8"?>
<!-- Generated by org.testng.reporters.JUnitXMLReporter -->
<testsuite hostname="DESKTOP-R0QK2O8" ignored="0" name="Test" tests="5" failures="1" timestamp="26 Jun 2019 19:48:26 GMT" time="12.909" errors="0">
  <testcase name="verifySearchProduct" time="3.085" classname="in.amazon.test.HomepageTest"/>
  <testcase name="verifyTitleOfThePage" time="0.196" classname="in.amazon.test.HomepageTest">
    <skipped/>
  </testcase> <!-- verifyTitleOfThePage -->
  <testcase name="verifyTitleOfThePage" time="0.199" classname="in.amazon.test.HomepageTest">
    <skipped/>
  </testcase> <!-- verifyTitleOfThePage -->
  <testcase name="verifyTitleOfThePage" time="0.139" classname="in.amazon.test.HomepageTest">
    <skipped/>
  </testcase> <!-- verifyTitleOfThePage -->
  <testcase name="verifyTitleOfThePage" time="0.121" classname="in.amazon.test.HomepageTest">
    <failure type="java.lang.AssertionError" message="expected [Amazon Home Page] but found [Amazon.in: Apple watch: Electronics]">
      <![CDATA[java.lang.AssertionError: expected [Amazon Home Page] but found [Amazon.in: Apple watch: Electronics]
at in.amazon.test.HomepageTest.verifyTitleOfThePage(HomepageTest.java:34)
... Removed 31 stack frames]]>
    </failure>
  </testcase> <!-- verifyTitleOfThePage -->
</testsuite> <!-- Test -->
