<?xml version="1.0" encoding="UTF-8"?>
<testng-results skipped="3" failed="1" ignored="0" total="5" passed="1">
  <reporter-output>
  </reporter-output>
  <suite name="Suite" duration-ms="23579" started-at="2019-07-01T18:52:45Z" finished-at="2019-07-01T18:53:09Z">
    <groups>
    </groups>
    <test name="Chrome Testing" duration-ms="23579" started-at="2019-07-01T18:52:45Z" finished-at="2019-07-01T18:53:09Z">
      <class name="in.amazon.test.HomepageTest">
        <test-method status="PASS" signature="preSetup()[pri:0, instance:in.amazon.test.HomepageTest@6a4f787b]" name="preSetup" is-config="true" duration-ms="450" started-at="2019-07-01T18:52:45Z" finished-at="2019-07-01T18:52:45Z">
          <reporter-output>
          </reporter-output>
        </test-method> <!-- preSetup -->
        <test-method status="PASS" signature="setup()[pri:0, instance:in.amazon.test.HomepageTest@6a4f787b]" name="setup" is-config="true" duration-ms="11979" started-at="2019-07-01T18:52:45Z" finished-at="2019-07-01T18:52:57Z">
          <reporter-output>
          </reporter-output>
        </test-method> <!-- setup -->
        <test-method status="PASS" signature="verifySearchProduct()[pri:0, instance:in.amazon.test.HomepageTest@6a4f787b]" name="verifySearchProduct" duration-ms="8206" started-at="2019-07-01T18:52:57Z" finished-at="2019-07-01T18:53:05Z">
          <reporter-output>
          </reporter-output>
        </test-method> <!-- verifySearchProduct -->
        <test-method status="PASS" signature="afterAMethod(org.testng.ITestResult)[pri:0, instance:in.amazon.test.HomepageTest@6a4f787b]" name="afterAMethod" is-config="true" duration-ms="5" started-at="2019-07-01T18:53:05Z" finished-at="2019-07-01T18:53:05Z">
          <params>
            <param index="0">
              <value>
                <![CDATA[[TestResult name=verifySearchProduct status=SUCCESS method=HomepageTest.verifySearchProduct()[pri:0, instance:in.amazon.test.HomepageTest@6a4f787b] output={null}]]]>
              </value>
            </param>
          </params>
          <reporter-output>
          </reporter-output>
        </test-method> <!-- afterAMethod -->
        <test-method status="SKIP" signature="verifyTitleOfThePage()[pri:0, instance:in.amazon.test.HomepageTest@6a4f787b]" name="verifyTitleOfThePage" duration-ms="110" started-at="2019-07-01T18:53:05Z" finished-at="2019-07-01T18:53:05Z">
          <exception class="java.lang.AssertionError">
            <message>
              <![CDATA[expected [Amazon Home Page] but found [Amazon.in: Apple watch: Electronics]]]>
            </message>
            <full-stacktrace>
              <![CDATA[java.lang.AssertionError: expected [Amazon Home Page] but found [Amazon.in: Apple watch: Electronics]
at org.testng.Assert.fail(Assert.java:96)
at org.testng.Assert.failNotEquals(Assert.java:776)
at org.testng.Assert.assertEqualsImpl(Assert.java:137)
at org.testng.Assert.assertEquals(Assert.java:118)
at org.testng.Assert.assertEquals(Assert.java:453)
at org.testng.Assert.assertEquals(Assert.java:463)
at in.amazon.test.HomepageTest.verifyTitleOfThePage(HomepageTest.java:34)
at sun.reflect.NativeMethodAccessorImpl.invoke0(Native Method)
at sun.reflect.NativeMethodAccessorImpl.invoke(Unknown Source)
at sun.reflect.DelegatingMethodAccessorImpl.invoke(Unknown Source)
at java.lang.reflect.Method.invoke(Unknown Source)
at org.testng.internal.MethodInvocationHelper.invokeMethod(MethodInvocationHelper.java:124)
at org.testng.internal.Invoker.invokeMethod(Invoker.java:583)
at org.testng.internal.Invoker.invokeTestMethod(Invoker.java:719)
at org.testng.internal.Invoker.invokeTestMethods(Invoker.java:989)
at org.testng.internal.TestMethodWorker.invokeTestMethods(TestMethodWorker.java:125)
at org.testng.internal.TestMethodWorker.run(TestMethodWorker.java:109)
at org.testng.TestRunner.privateRun(TestRunner.java:648)
at org.testng.TestRunner.run(TestRunner.java:505)
at org.testng.SuiteRunner.runTest(SuiteRunner.java:455)
at org.testng.SuiteRunner.runSequentially(SuiteRunner.java:450)
at org.testng.SuiteRunner.privateRun(SuiteRunner.java:415)
at org.testng.SuiteRunner.run(SuiteRunner.java:364)
at org.testng.SuiteRunnerWorker.runSuite(SuiteRunnerWorker.java:52)
at org.testng.SuiteRunnerWorker.run(SuiteRunnerWorker.java:84)
at org.testng.TestNG.runSuitesSequentially(TestNG.java:1208)
at org.testng.TestNG.runSuitesLocally(TestNG.java:1137)
at org.testng.TestNG.runSuites(TestNG.java:1049)
at org.testng.TestNG.run(TestNG.java:1017)
at org.testng.remote.AbstractRemoteTestNG.run(AbstractRemoteTestNG.java:132)
at org.testng.remote.RemoteTestNG.initAndRun(RemoteTestNG.java:230)
at org.testng.remote.RemoteTestNG.main(RemoteTestNG.java:76)
]]>
            </full-stacktrace>
          </exception> <!-- java.lang.AssertionError -->
          <reporter-output>
          </reporter-output>
        </test-method> <!-- verifyTitleOfThePage -->
        <test-method status="PASS" signature="afterAMethod(org.testng.ITestResult)[pri:0, instance:in.amazon.test.HomepageTest@6a4f787b]" name="afterAMethod" is-config="true" duration-ms="3" started-at="2019-07-01T18:53:05Z" finished-at="2019-07-01T18:53:05Z">
          <params>
            <param index="0">
              <value>
                <![CDATA[[TestResult name=verifyTitleOfThePage status=SKIP method=HomepageTest.verifyTitleOfThePage()[pri:0, instance:in.amazon.test.HomepageTest@6a4f787b] output={null}]]]>
              </value>
            </param>
          </params>
          <reporter-output>
          </reporter-output>
        </test-method> <!-- afterAMethod -->
        <test-method status="SKIP" signature="verifyTitleOfThePage()[pri:0, instance:in.amazon.test.HomepageTest@6a4f787b]" name="verifyTitleOfThePage" duration-ms="27" started-at="2019-07-01T18:53:05Z" finished-at="2019-07-01T18:53:05Z">
          <exception class="java.lang.AssertionError">
            <message>
              <![CDATA[expected [Amazon Home Page] but found [Amazon.in: Apple watch: Electronics]]]>
            </message>
            <full-stacktrace>
              <![CDATA[java.lang.AssertionError: expected [Amazon Home Page] but found [Amazon.in: Apple watch: Electronics]
at org.testng.Assert.fail(Assert.java:96)
at org.testng.Assert.failNotEquals(Assert.java:776)
at org.testng.Assert.assertEqualsImpl(Assert.java:137)
at org.testng.Assert.assertEquals(Assert.java:118)
at org.testng.Assert.assertEquals(Assert.java:453)
at org.testng.Assert.assertEquals(Assert.java:463)
at in.amazon.test.HomepageTest.verifyTitleOfThePage(HomepageTest.java:34)
at sun.reflect.NativeMethodAccessorImpl.invoke0(Native Method)
at sun.reflect.NativeMethodAccessorImpl.invoke(Unknown Source)
at sun.reflect.DelegatingMethodAccessorImpl.invoke(Unknown Source)
at java.lang.reflect.Method.invoke(Unknown Source)
at org.testng.internal.MethodInvocationHelper.invokeMethod(MethodInvocationHelper.java:124)
at org.testng.internal.Invoker.invokeMethod(Invoker.java:583)
at org.testng.internal.Invoker.retryFailed(Invoker.java:839)
at org.testng.internal.Invoker.invokeTestMethods(Invoker.java:1010)
at org.testng.internal.TestMethodWorker.invokeTestMethods(TestMethodWorker.java:125)
at org.testng.internal.TestMethodWorker.run(TestMethodWorker.java:109)
at org.testng.TestRunner.privateRun(TestRunner.java:648)
at org.testng.TestRunner.run(TestRunner.java:505)
at org.testng.SuiteRunner.runTest(SuiteRunner.java:455)
at org.testng.SuiteRunner.runSequentially(SuiteRunner.java:450)
at org.testng.SuiteRunner.privateRun(SuiteRunner.java:415)
at org.testng.SuiteRunner.run(SuiteRunner.java:364)
at org.testng.SuiteRunnerWorker.runSuite(SuiteRunnerWorker.java:52)
at org.testng.SuiteRunnerWorker.run(SuiteRunnerWorker.java:84)
at org.testng.TestNG.runSuitesSequentially(TestNG.java:1208)
at org.testng.TestNG.runSuitesLocally(TestNG.java:1137)
at org.testng.TestNG.runSuites(TestNG.java:1049)
at org.testng.TestNG.run(TestNG.java:1017)
at org.testng.remote.AbstractRemoteTestNG.run(AbstractRemoteTestNG.java:132)
at org.testng.remote.RemoteTestNG.initAndRun(RemoteTestNG.java:230)
at org.testng.remote.RemoteTestNG.main(RemoteTestNG.java:76)
]]>
            </full-stacktrace>
          </exception> <!-- java.lang.AssertionError -->
          <reporter-output>
          </reporter-output>
        </test-method> <!-- verifyTitleOfThePage -->
        <test-method status="PASS" signature="afterAMethod(org.testng.ITestResult)[pri:0, instance:in.amazon.test.HomepageTest@6a4f787b]" name="afterAMethod" is-config="true" duration-ms="1" started-at="2019-07-01T18:53:05Z" finished-at="2019-07-01T18:53:05Z">
          <params>
            <param index="0">
              <value>
                <![CDATA[[TestResult name=verifyTitleOfThePage status=SKIP method=HomepageTest.verifyTitleOfThePage()[pri:0, instance:in.amazon.test.HomepageTest@6a4f787b] output={null}]]]>
              </value>
            </param>
          </params>
          <reporter-output>
          </reporter-output>
        </test-method> <!-- afterAMethod -->
        <test-method status="SKIP" signature="verifyTitleOfThePage()[pri:0, instance:in.amazon.test.HomepageTest@6a4f787b]" name="verifyTitleOfThePage" duration-ms="13" started-at="2019-07-01T18:53:05Z" finished-at="2019-07-01T18:53:05Z">
          <exception class="java.lang.AssertionError">
            <message>
              <![CDATA[expected [Amazon Home Page] but found [Amazon.in: Apple watch: Electronics]]]>
            </message>
            <full-stacktrace>
              <![CDATA[java.lang.AssertionError: expected [Amazon Home Page] but found [Amazon.in: Apple watch: Electronics]
at org.testng.Assert.fail(Assert.java:96)
at org.testng.Assert.failNotEquals(Assert.java:776)
at org.testng.Assert.assertEqualsImpl(Assert.java:137)
at org.testng.Assert.assertEquals(Assert.java:118)
at org.testng.Assert.assertEquals(Assert.java:453)
at org.testng.Assert.assertEquals(Assert.java:463)
at in.amazon.test.HomepageTest.verifyTitleOfThePage(HomepageTest.java:34)
at sun.reflect.NativeMethodAccessorImpl.invoke0(Native Method)
at sun.reflect.NativeMethodAccessorImpl.invoke(Unknown Source)
at sun.reflect.DelegatingMethodAccessorImpl.invoke(Unknown Source)
at java.lang.reflect.Method.invoke(Unknown Source)
at org.testng.internal.MethodInvocationHelper.invokeMethod(MethodInvocationHelper.java:124)
at org.testng.internal.Invoker.invokeMethod(Invoker.java:583)
at org.testng.internal.Invoker.retryFailed(Invoker.java:839)
at org.testng.internal.Invoker.invokeTestMethods(Invoker.java:1010)
at org.testng.internal.TestMethodWorker.invokeTestMethods(TestMethodWorker.java:125)
at org.testng.internal.TestMethodWorker.run(TestMethodWorker.java:109)
at org.testng.TestRunner.privateRun(TestRunner.java:648)
at org.testng.TestRunner.run(TestRunner.java:505)
at org.testng.SuiteRunner.runTest(SuiteRunner.java:455)
at org.testng.SuiteRunner.runSequentially(SuiteRunner.java:450)
at org.testng.SuiteRunner.privateRun(SuiteRunner.java:415)
at org.testng.SuiteRunner.run(SuiteRunner.java:364)
at org.testng.SuiteRunnerWorker.runSuite(SuiteRunnerWorker.java:52)
at org.testng.SuiteRunnerWorker.run(SuiteRunnerWorker.java:84)
at org.testng.TestNG.runSuitesSequentially(TestNG.java:1208)
at org.testng.TestNG.runSuitesLocally(TestNG.java:1137)
at org.testng.TestNG.runSuites(TestNG.java:1049)
at org.testng.TestNG.run(TestNG.java:1017)
at org.testng.remote.AbstractRemoteTestNG.run(AbstractRemoteTestNG.java:132)
at org.testng.remote.RemoteTestNG.initAndRun(RemoteTestNG.java:230)
at org.testng.remote.RemoteTestNG.main(RemoteTestNG.java:76)
]]>
            </full-stacktrace>
          </exception> <!-- java.lang.AssertionError -->
          <reporter-output>
          </reporter-output>
        </test-method> <!-- verifyTitleOfThePage -->
        <test-method status="PASS" signature="afterAMethod(org.testng.ITestResult)[pri:0, instance:in.amazon.test.HomepageTest@6a4f787b]" name="afterAMethod" is-config="true" duration-ms="1" started-at="2019-07-01T18:53:05Z" finished-at="2019-07-01T18:53:05Z">
          <params>
            <param index="0">
              <value>
                <![CDATA[[TestResult name=verifyTitleOfThePage status=SKIP method=HomepageTest.verifyTitleOfThePage()[pri:0, instance:in.amazon.test.HomepageTest@6a4f787b] output={null}]]]>
              </value>
            </param>
          </params>
          <reporter-output>
          </reporter-output>
        </test-method> <!-- afterAMethod -->
        <test-method status="FAIL" signature="verifyTitleOfThePage()[pri:0, instance:in.amazon.test.HomepageTest@6a4f787b]" name="verifyTitleOfThePage" duration-ms="1064" started-at="2019-07-01T18:53:05Z" finished-at="2019-07-01T18:53:06Z">
          <exception class="java.lang.AssertionError">
            <message>
              <![CDATA[expected [Amazon Home Page] but found [Amazon.in: Apple watch: Electronics]]]>
            </message>
            <full-stacktrace>
              <![CDATA[java.lang.AssertionError: expected [Amazon Home Page] but found [Amazon.in: Apple watch: Electronics]
at org.testng.Assert.fail(Assert.java:96)
at org.testng.Assert.failNotEquals(Assert.java:776)
at org.testng.Assert.assertEqualsImpl(Assert.java:137)
at org.testng.Assert.assertEquals(Assert.java:118)
at org.testng.Assert.assertEquals(Assert.java:453)
at org.testng.Assert.assertEquals(Assert.java:463)
at in.amazon.test.HomepageTest.verifyTitleOfThePage(HomepageTest.java:34)
at sun.reflect.NativeMethodAccessorImpl.invoke0(Native Method)
at sun.reflect.NativeMethodAccessorImpl.invoke(Unknown Source)
at sun.reflect.DelegatingMethodAccessorImpl.invoke(Unknown Source)
at java.lang.reflect.Method.invoke(Unknown Source)
at org.testng.internal.MethodInvocationHelper.invokeMethod(MethodInvocationHelper.java:124)
at org.testng.internal.Invoker.invokeMethod(Invoker.java:583)
at org.testng.internal.Invoker.retryFailed(Invoker.java:839)
at org.testng.internal.Invoker.invokeTestMethods(Invoker.java:1010)
at org.testng.internal.TestMethodWorker.invokeTestMethods(TestMethodWorker.java:125)
at org.testng.internal.TestMethodWorker.run(TestMethodWorker.java:109)
at org.testng.TestRunner.privateRun(TestRunner.java:648)
at org.testng.TestRunner.run(TestRunner.java:505)
at org.testng.SuiteRunner.runTest(SuiteRunner.java:455)
at org.testng.SuiteRunner.runSequentially(SuiteRunner.java:450)
at org.testng.SuiteRunner.privateRun(SuiteRunner.java:415)
at org.testng.SuiteRunner.run(SuiteRunner.java:364)
at org.testng.SuiteRunnerWorker.runSuite(SuiteRunnerWorker.java:52)
at org.testng.SuiteRunnerWorker.run(SuiteRunnerWorker.java:84)
at org.testng.TestNG.runSuitesSequentially(TestNG.java:1208)
at org.testng.TestNG.runSuitesLocally(TestNG.java:1137)
at org.testng.TestNG.runSuites(TestNG.java:1049)
at org.testng.TestNG.run(TestNG.java:1017)
at org.testng.remote.AbstractRemoteTestNG.run(AbstractRemoteTestNG.java:132)
at org.testng.remote.RemoteTestNG.initAndRun(RemoteTestNG.java:230)
at org.testng.remote.RemoteTestNG.main(RemoteTestNG.java:76)
]]>
            </full-stacktrace>
          </exception> <!-- java.lang.AssertionError -->
          <reporter-output>
          </reporter-output>
        </test-method> <!-- verifyTitleOfThePage -->
        <test-method status="PASS" signature="afterAMethod(org.testng.ITestResult)[pri:0, instance:in.amazon.test.HomepageTest@6a4f787b]" name="afterAMethod" is-config="true" duration-ms="401" started-at="2019-07-01T18:53:06Z" finished-at="2019-07-01T18:53:07Z">
          <params>
            <param index="0">
              <value>
                <![CDATA[[TestResult name=verifyTitleOfThePage status=FAILURE method=HomepageTest.verifyTitleOfThePage()[pri:0, instance:in.amazon.test.HomepageTest@6a4f787b] output={null}]]]>
              </value>
            </param>
          </params>
          <reporter-output>
          </reporter-output>
        </test-method> <!-- afterAMethod -->
        <test-method status="PASS" signature="cleanUp()[pri:0, instance:in.amazon.test.HomepageTest@6a4f787b]" name="cleanUp" is-config="true" duration-ms="1697" started-at="2019-07-01T18:53:07Z" finished-at="2019-07-01T18:53:09Z">
          <reporter-output>
          </reporter-output>
        </test-method> <!-- cleanUp -->
      </class> <!-- in.amazon.test.HomepageTest -->
    </test> <!-- Chrome Testing -->
  </suite> <!-- Suite -->
</testng-results>
