<?xml version="1.0" encoding="UTF-8"?>
<!-- Generated by org.testng.reporters.JUnitReportReporter -->
<testsuite skipped="3" hostname="DESKTOP-R0QK2O8" name="in.amazon.test.HomepageTest" tests="5" failures="1" timestamp="01 Jul 2019 18:53:09 GMT" time="9.831" errors="0">
  <testcase name="verifyTitleOfThePage" time="0.014" classname="in.amazon.test.HomepageTest">
    <skipped/>
  </testcase> <!-- verifyTitleOfThePage -->
  <testcase name="verifySearchProduct" time="8.209" classname="in.amazon.test.HomepageTest"/>
  <testcase name="verifyTitleOfThePage" time="1.069" classname="in.amazon.test.HomepageTest">
    <failure type="java.lang.AssertionError" message="expected [Amazon Home Page] but found [Amazon.in: Apple watch: Electronics]">
      <![CDATA[java.lang.AssertionError: expected [Amazon Home Page] but found [Amazon.in: Apple watch: Electronics]
at org.testng.Assert.fail(Assert.java:96)
at org.testng.Assert.failNotEquals(Assert.java:776)
at org.testng.Assert.assertEqualsImpl(Assert.java:137)
at org.testng.Assert.assertEquals(Assert.java:118)
at org.testng.Assert.assertEquals(Assert.java:453)
at org.testng.Assert.assertEquals(Assert.java:463)
at in.amazon.test.HomepageTest.verifyTitleOfThePage(HomepageTest.java:34)
at sun.reflect.NativeMethodAccessorImpl.invoke0(Native Method)
at sun.reflect.NativeMethodAccessorImpl.invoke(Unknown Source)
at sun.reflect.DelegatingMethodAccessorImpl.invoke(Unknown Source)
at java.lang.reflect.Method.invoke(Unknown Source)
at org.testng.internal.MethodInvocationHelper.invokeMethod(MethodInvocationHelper.java:124)
at org.testng.internal.Invoker.invokeMethod(Invoker.java:583)
at org.testng.internal.Invoker.retryFailed(Invoker.java:839)
at org.testng.internal.Invoker.invokeTestMethods(Invoker.java:1010)
at org.testng.internal.TestMethodWorker.invokeTestMethods(TestMethodWorker.java:125)
at org.testng.internal.TestMethodWorker.run(TestMethodWorker.java:109)
at org.testng.TestRunner.privateRun(TestRunner.java:648)
at org.testng.TestRunner.run(TestRunner.java:505)
at org.testng.SuiteRunner.runTest(SuiteRunner.java:455)
at org.testng.SuiteRunner.runSequentially(SuiteRunner.java:450)
at org.testng.SuiteRunner.privateRun(SuiteRunner.java:415)
at org.testng.SuiteRunner.run(SuiteRunner.java:364)
at org.testng.SuiteRunnerWorker.runSuite(SuiteRunnerWorker.java:52)
at org.testng.SuiteRunnerWorker.run(SuiteRunnerWorker.java:84)
at org.testng.TestNG.runSuitesSequentially(TestNG.java:1208)
at org.testng.TestNG.runSuitesLocally(TestNG.java:1137)
at org.testng.TestNG.runSuites(TestNG.java:1049)
at org.testng.TestNG.run(TestNG.java:1017)
at org.testng.remote.AbstractRemoteTestNG.run(AbstractRemoteTestNG.java:132)
at org.testng.remote.RemoteTestNG.initAndRun(RemoteTestNG.java:230)
at org.testng.remote.RemoteTestNG.main(RemoteTestNG.java:76)
]]>
    </failure>
  </testcase> <!-- verifyTitleOfThePage -->
  <testcase name="verifyTitleOfThePage" time="0.111" classname="in.amazon.test.HomepageTest">
    <skipped/>
  </testcase> <!-- verifyTitleOfThePage -->
  <testcase name="verifyTitleOfThePage" time="0.428" classname="in.amazon.test.HomepageTest">
    <skipped/>
  </testcase> <!-- verifyTitleOfThePage -->
</testsuite> <!-- in.amazon.test.HomepageTest -->
